<?xml version="1.0" encoding="UTF-8"?>
<testng-results ignored="0" total="1" passed="1" failed="0" skipped="0">
  <reporter-output>
  </reporter-output>
  <suite started-at="2022-11-12T15:39:24 IST" name="Default suite" finished-at="2022-11-12T15:39:44 IST" duration-ms="19425">
    <groups>
    </groups>
    <test started-at="2022-11-12T15:39:24 IST" name="Default test" finished-at="2022-11-12T15:39:44 IST" duration-ms="19425">
      <class name="testlayer.LoginPageTest">
        <test-method is-config="true" signature="setUp()[pri:0, instance:testlayer.LoginPageTest@71238fc2]" started-at="2022-11-12T15:39:24 IST" name="setUp" finished-at="2022-11-12T15:39:42 IST" duration-ms="17329" status="PASS">
          <reporter-output>
          </reporter-output>
        </test-method> <!-- setUp -->
        <test-method signature="logintest()[pri:0, instance:testlayer.LoginPageTest@71238fc2]" started-at="2022-11-12T15:39:42 IST" name="logintest" finished-at="2022-11-12T15:39:43 IST" duration-ms="1351" status="PASS">
          <reporter-output>
          </reporter-output>
        </test-method> <!-- logintest -->
        <test-method is-config="true" signature="tearDown()[pri:0, instance:testlayer.LoginPageTest@71238fc2]" started-at="2022-11-12T15:39:43 IST" name="tearDown" finished-at="2022-11-12T15:39:44 IST" duration-ms="702" status="PASS">
          <reporter-output>
          </reporter-output>
        </test-method> <!-- tearDown -->
      </class> <!-- testlayer.LoginPageTest -->
    </test> <!-- Default test -->
  </suite> <!-- Default suite -->
</testng-results>
